This file does not exist:
Please give another name or type "?q" to quit.
This file does not exist:
Please give another name or type "?q" to quit.

Ill-conditioned division in Newton-Raphson iteration.

Ill-conditioned division in Newton-Raphson iteration.

Ill-conditioned division in Newton-Raphson iteration.

Ill-conditioned division in Newton-Raphson iteration.

Ill-conditioned division in Newton-Raphson iteration.

Ill-conditioned division in Newton-Raphson iteration.

Ill-conditioned division in Newton-Raphson iteration.

Ill-conditioned division in Newton-Raphson iteration.

Ill-conditioned division in Newton-Raphson iteration.

Ill-conditioned division in Newton-Raphson iteration.

Ill-conditioned division in Newton-Raphson iteration.

Ill-conditioned division in Newton-Raphson iteration.

Ill-conditioned division in Newton-Raphson iteration.

Ill-conditioned division in Newton-Raphson iteration.

Ill-conditioned division in Newton-Raphson iteration.
STOPPED!
./gen_spec_file: 1538: ./gen_spec_file: sp_all_318: not found
./gen_spec_file: 1539: ./gen_spec_file: a: not found
./gen_spec_file: 1540: ./gen_spec_file: 19: not found
./gen_spec_file: 1541: ./gen_spec_file: y: not found
./gen_spec_file: 1542: ./gen_spec_file: n2h2o_o: not found
./gen_spec_file: 1543: ./gen_spec_file: -1: not found
./gen_spec_file: 1544: ./gen_spec_file: EOF: not found
